[debug] [2026-06-19T07:20:35.501Z] ----------------------------------------------------------------------
[debug] [2026-06-19T07:20:35.503Z] Command:       C:\nvm4w\nodejs\node.exe C:\nvm4w\nodejs\node_modules\firebase-tools\lib\bin\firebase.js deploy --only functions
[debug] [2026-06-19T07:20:35.503Z] CLI Version:   15.18.0
[debug] [2026-06-19T07:20:35.503Z] Platform:      win32
[debug] [2026-06-19T07:20:35.503Z] Node Version:  v26.1.0
[debug] [2026-06-19T07:20:35.503Z] Time:          Fri Jun 19 2026 09:20:35 GMT+0200 (Central European Summer Time)
[debug] [2026-06-19T07:20:35.503Z] ----------------------------------------------------------------------
[debug] 
[debug] [2026-06-19T07:20:52.771Z] > command requires scopes: ["email","openid","https://www.googleapis.com/auth/cloudplatformprojects.readonly","https://www.googleapis.com/auth/firebase","https://www.googleapis.com/auth/cloud-platform"]
[debug] [2026-06-19T07:20:52.771Z] > authorizing via signed-in user (pissinali@gmail.com)
[debug] [2026-06-19T07:20:52.772Z] [iam] checking project achabrasil-98571 for permissions ["cloudfunctions.functions.create","cloudfunctions.functions.delete","cloudfunctions.functions.get","cloudfunctions.functions.list","cloudfunctions.functions.update","cloudfunctions.operations.get","firebase.projects.get"]
[debug] [2026-06-19T07:20:52.772Z] Checked if tokens are valid: true, expires at: 1781855334780
[debug] [2026-06-19T07:20:52.772Z] Checked if tokens are valid: true, expires at: 1781855334780
[debug] [2026-06-19T07:20:52.773Z] >>> [apiv2][query] POST https://cloudresourcemanager.googleapis.com/v1/projects/achabrasil-98571:testIamPermissions [none]
[debug] [2026-06-19T07:20:52.773Z] >>> [apiv2][(partial)header] POST https://cloudresourcemanager.googleapis.com/v1/projects/achabrasil-98571:testIamPermissions  x-goog-user-project=achabrasil-98571
[debug] [2026-06-19T07:20:52.773Z] >>> [apiv2][body] POST https://cloudresourcemanager.googleapis.com/v1/projects/achabrasil-98571:testIamPermissions {"permissions":["cloudfunctions.functions.create","cloudfunctions.functions.delete","cloudfunctions.functions.get","cloudfunctions.functions.list","cloudfunctions.functions.update","cloudfunctions.operations.get","firebase.projects.get"]}
[debug] [2026-06-19T07:20:54.537Z] <<< [apiv2][status] POST https://cloudresourcemanager.googleapis.com/v1/projects/achabrasil-98571:testIamPermissions 200
[debug] [2026-06-19T07:20:54.537Z] <<< [apiv2][body] POST https://cloudresourcemanager.googleapis.com/v1/projects/achabrasil-98571:testIamPermissions {"permissions":["cloudfunctions.functions.create","cloudfunctions.functions.delete","cloudfunctions.functions.get","cloudfunctions.functions.list","cloudfunctions.functions.update","cloudfunctions.operations.get","firebase.projects.get"]}
[debug] [2026-06-19T07:20:54.537Z] Checked if tokens are valid: true, expires at: 1781855334780
[debug] [2026-06-19T07:20:54.537Z] Checked if tokens are valid: true, expires at: 1781855334780
[debug] [2026-06-19T07:20:54.537Z] >>> [apiv2][query] POST https://iam.googleapis.com/v1/projects/achabrasil-98571/serviceAccounts/achabrasil-98571@appspot.gserviceaccount.com:testIamPermissions [none]
[debug] [2026-06-19T07:20:54.537Z] >>> [apiv2][body] POST https://iam.googleapis.com/v1/projects/achabrasil-98571/serviceAccounts/achabrasil-98571@appspot.gserviceaccount.com:testIamPermissions {"permissions":["iam.serviceAccounts.actAs"]}
[debug] [2026-06-19T07:20:55.278Z] <<< [apiv2][status] POST https://iam.googleapis.com/v1/projects/achabrasil-98571/serviceAccounts/achabrasil-98571@appspot.gserviceaccount.com:testIamPermissions 200
[debug] [2026-06-19T07:20:55.278Z] <<< [apiv2][body] POST https://iam.googleapis.com/v1/projects/achabrasil-98571/serviceAccounts/achabrasil-98571@appspot.gserviceaccount.com:testIamPermissions {"permissions":["iam.serviceAccounts.actAs"]}
[info] 
[info] === Deploying to 'achabrasil-98571'...
[info] 
[info] i  deploying functions 
[debug] [2026-06-19T07:20:55.281Z] Checked if tokens are valid: true, expires at: 1781855334780
[debug] [2026-06-19T07:20:55.281Z] Checked if tokens are valid: true, expires at: 1781855334780
[debug] [2026-06-19T07:20:55.281Z] >>> [apiv2][query] GET https://cloudresourcemanager.googleapis.com/v1/projects/achabrasil-98571 [none]
[debug] [2026-06-19T07:20:55.479Z] <<< [apiv2][status] GET https://cloudresourcemanager.googleapis.com/v1/projects/achabrasil-98571 200
[debug] [2026-06-19T07:20:55.479Z] <<< [apiv2][body] GET https://cloudresourcemanager.googleapis.com/v1/projects/achabrasil-98571 {"projectNumber":"337569791482","projectId":"achabrasil-98571","lifecycleState":"ACTIVE","name":"achabrasil","labels":{"firebase":"enabled","firebase-core":"disabled"},"createTime":"2026-06-15T21:17:42.497Z"}
[info] i  functions: preparing codebase default for deployment 
[info] i  functions: ensuring required API cloudfunctions.googleapis.com is enabled... 
[info] i  functions: ensuring required API cloudbuild.googleapis.com is enabled... 
[info] i  artifactregistry: ensuring required API artifactregistry.googleapis.com is enabled... 
[debug] [2026-06-19T07:20:55.481Z] Checked if tokens are valid: true, expires at: 1781855334780
[debug] [2026-06-19T07:20:55.481Z] Checked if tokens are valid: true, expires at: 1781855334780
[debug] [2026-06-19T07:20:55.481Z] >>> [apiv2][query] GET https://firebase.googleapis.com/v1beta1/projects/achabrasil-98571/adminSdkConfig [none]
[debug] [2026-06-19T07:20:55.799Z] <<< [apiv2][status] GET https://firebase.googleapis.com/v1beta1/projects/achabrasil-98571/adminSdkConfig 200
[debug] [2026-06-19T07:20:55.799Z] <<< [apiv2][body] GET https://firebase.googleapis.com/v1beta1/projects/achabrasil-98571/adminSdkConfig {"projectId":"achabrasil-98571","storageBucket":"achabrasil-98571.firebasestorage.app"}
[debug] [2026-06-19T07:20:55.799Z] Checked if tokens are valid: true, expires at: 1781855334780
[debug] [2026-06-19T07:20:55.799Z] Checked if tokens are valid: true, expires at: 1781855334780
[debug] [2026-06-19T07:20:55.799Z] >>> [apiv2][query] GET https://runtimeconfig.googleapis.com/v1beta1/projects/achabrasil-98571/configs [none]
[debug] [2026-06-19T07:20:56.581Z] <<< [apiv2][status] GET https://runtimeconfig.googleapis.com/v1beta1/projects/achabrasil-98571/configs 200
[debug] [2026-06-19T07:20:56.581Z] <<< [apiv2][body] GET https://runtimeconfig.googleapis.com/v1beta1/projects/achabrasil-98571/configs {}
[debug] [2026-06-19T07:20:56.583Z] Validating nodejs source
[warn] !  functions: Runtime Node.js 20 was deprecated on 2026-04-30 and will be decommissioned on 2026-10-30, after which you will not be able to deploy without upgrading. Consider upgrading now to avoid disruption. See https://cloud.google.com/functions/docs/runtime-support for full details on the lifecycle policy 
[warn] !  functions: package.json indicates an outdated version of firebase-functions. Please upgrade using npm install --save firebase-functions@latest in your functions directory. 
[warn] !  functions: Please note that there will be breaking changes when you upgrade. 
[debug] [2026-06-19T07:21:03.225Z] > [functions] package.json contents: {
  "name": "achabrasil-functions",
  "description": "Scheduled functions for AchaBrasil price alerts",
  "private": true,
  "engines": {
    "node": "20"
  },
  "main": "lib/index.js",
  "scripts": {
    "build": "tsc",
    "serve": "npm run build && firebase emulators:start --only functions",
    "deploy": "firebase deploy --only functions"
  },
  "dependencies": {
    "firebase-admin": "^12.7.0",
    "firebase-functions": "^6.1.0",
    "resend": "^4.0.0"
  },
  "devDependencies": {
    "typescript": "^5.6.0"
  }
}
[debug] [2026-06-19T07:21:03.226Z] Building nodejs source
[info] i  functions: Loading and analyzing source code for codebase default to determine what to deploy 
[debug] [2026-06-19T07:21:03.227Z] Could not find functions.yaml. Must use http discovery
[debug] [2026-06-19T07:21:03.236Z] Found firebase-functions binary at 'D:\Work\achabrasil\functions\node_modules\.bin\firebase-functions'
[info] Serving at port 8088

[debug] [2026-06-19T07:21:07.868Z] Got response from /__/functions.yaml {"endpoints":{"checkPriceAlerts":{"availableMemoryMb":256,"timeoutSeconds":540,"minInstances":null,"maxInstances":null,"ingressSettings":null,"concurrency":null,"serviceAccountEmail":null,"vpc":null,"platform":"gcfv2","secretEnvironmentVariables":[{"key":"TP_API_TOKEN"},{"key":"RESEND_API_KEY"}],"labels":{},"scheduleTrigger":{"schedule":"0 9 * * *","retryConfig":{},"timeZone":"America/Sao_Paulo"},"entryPoint":"checkPriceAlerts"}},"specVersion":"v1alpha1","requiredAPIs":[{"api":"cloudscheduler.googleapis.com","reason":"Needed for scheduled functions."}],"extensions":{}}
[debug] [2026-06-19T07:21:11.889Z] Checked if tokens are valid: true, expires at: 1781855334780
[debug] [2026-06-19T07:21:11.889Z] Checked if tokens are valid: true, expires at: 1781855334780
[debug] [2026-06-19T07:21:11.889Z] >>> [apiv2][query] GET https://cloudfunctions.googleapis.com/v1/projects/achabrasil-98571/locations/-/functions [none]
[debug] [2026-06-19T07:21:13.495Z] <<< [apiv2][status] GET https://cloudfunctions.googleapis.com/v1/projects/achabrasil-98571/locations/-/functions 200
[debug] [2026-06-19T07:21:13.495Z] <<< [apiv2][body] GET https://cloudfunctions.googleapis.com/v1/projects/achabrasil-98571/locations/-/functions {}
[debug] [2026-06-19T07:21:13.496Z] Checked if tokens are valid: true, expires at: 1781855334780
[debug] [2026-06-19T07:21:13.496Z] Checked if tokens are valid: true, expires at: 1781855334780
[debug] [2026-06-19T07:21:13.496Z] >>> [apiv2][query] GET https://cloudfunctions.googleapis.com/v2/projects/achabrasil-98571/locations/-/functions filter=environment%3D%22GEN_2%22
[debug] [2026-06-19T07:21:14.536Z] <<< [apiv2][status] GET https://cloudfunctions.googleapis.com/v2/projects/achabrasil-98571/locations/-/functions 200
[debug] [2026-06-19T07:21:14.536Z] <<< [apiv2][body] GET https://cloudfunctions.googleapis.com/v2/projects/achabrasil-98571/locations/-/functions {}
[info] i  extensions: ensuring required API firebaseextensions.googleapis.com is enabled... 
[debug] [2026-06-19T07:21:14.537Z] Checked if tokens are valid: true, expires at: 1781855334780
[debug] [2026-06-19T07:21:14.537Z] Checked if tokens are valid: true, expires at: 1781855334780
[debug] [2026-06-19T07:21:14.537Z] >>> [apiv2][query] GET https://serviceusage.googleapis.com/v1/projects/achabrasil-98571/services/firebaseextensions.googleapis.com [none]
[debug] [2026-06-19T07:21:14.537Z] >>> [apiv2][(partial)header] GET https://serviceusage.googleapis.com/v1/projects/achabrasil-98571/services/firebaseextensions.googleapis.com  x-goog-user-project=achabrasil-98571
[debug] [2026-06-19T07:21:15.484Z] <<< [apiv2][status] GET https://serviceusage.googleapis.com/v1/projects/achabrasil-98571/services/firebaseextensions.googleapis.com 200
[debug] [2026-06-19T07:21:15.484Z] <<< [apiv2][body] GET https://serviceusage.googleapis.com/v1/projects/achabrasil-98571/services/firebaseextensions.googleapis.com [omitted]
[warn] !  extensions: missing required API firebaseextensions.googleapis.com. Enabling now... 
[debug] [2026-06-19T07:21:15.485Z] Checked if tokens are valid: true, expires at: 1781855334780
[debug] [2026-06-19T07:21:15.485Z] Checked if tokens are valid: true, expires at: 1781855334780
[debug] [2026-06-19T07:21:15.485Z] >>> [apiv2][query] POST https://serviceusage.googleapis.com/v1/projects/achabrasil-98571/services/firebaseextensions.googleapis.com:enable [none]
[debug] [2026-06-19T07:21:15.485Z] >>> [apiv2][(partial)header] POST https://serviceusage.googleapis.com/v1/projects/achabrasil-98571/services/firebaseextensions.googleapis.com:enable  x-goog-user-project=achabrasil-98571
[debug] [2026-06-19T07:21:16.798Z] <<< [apiv2][status] POST https://serviceusage.googleapis.com/v1/projects/achabrasil-98571/services/firebaseextensions.googleapis.com:enable 200
[debug] [2026-06-19T07:21:16.798Z] <<< [apiv2][body] POST https://serviceusage.googleapis.com/v1/projects/achabrasil-98571/services/firebaseextensions.googleapis.com:enable [omitted]
[debug] [2026-06-19T07:21:26.815Z] > command requires scopes: ["email","openid","https://www.googleapis.com/auth/cloudplatformprojects.readonly","https://www.googleapis.com/auth/firebase","https://www.googleapis.com/auth/cloud-platform"]
[debug] [2026-06-19T07:21:26.815Z] > authorizing via signed-in user (pissinali@gmail.com)
[debug] [2026-06-19T07:21:26.816Z] [iam] checking project achabrasil-98571 for permissions ["firebase.projects.get","firebaseextensions.instances.list"]
[debug] [2026-06-19T07:21:26.816Z] Checked if tokens are valid: true, expires at: 1781855334780
[debug] [2026-06-19T07:21:26.816Z] Checked if tokens are valid: true, expires at: 1781855334780
[debug] [2026-06-19T07:21:26.816Z] >>> [apiv2][query] POST https://cloudresourcemanager.googleapis.com/v1/projects/achabrasil-98571:testIamPermissions [none]
[debug] [2026-06-19T07:21:26.816Z] >>> [apiv2][(partial)header] POST https://cloudresourcemanager.googleapis.com/v1/projects/achabrasil-98571:testIamPermissions  x-goog-user-project=achabrasil-98571
[debug] [2026-06-19T07:21:26.816Z] >>> [apiv2][body] POST https://cloudresourcemanager.googleapis.com/v1/projects/achabrasil-98571:testIamPermissions {"permissions":["firebase.projects.get","firebaseextensions.instances.list"]}
[debug] [2026-06-19T07:21:27.522Z] <<< [apiv2][status] POST https://cloudresourcemanager.googleapis.com/v1/projects/achabrasil-98571:testIamPermissions 200
[debug] [2026-06-19T07:21:27.522Z] <<< [apiv2][body] POST https://cloudresourcemanager.googleapis.com/v1/projects/achabrasil-98571:testIamPermissions {"permissions":["firebase.projects.get","firebaseextensions.instances.list"]}
[debug] [2026-06-19T07:21:27.522Z] Checked if tokens are valid: true, expires at: 1781855334780
[debug] [2026-06-19T07:21:27.522Z] Checked if tokens are valid: true, expires at: 1781855334780
[debug] [2026-06-19T07:21:27.522Z] >>> [apiv2][query] GET https://firebaseextensions.googleapis.com/v1beta/projects/achabrasil-98571/instances pageSize=100&pageToken=
[debug] [2026-06-19T07:21:35.716Z] <<< [apiv2][status] GET https://firebaseextensions.googleapis.com/v1beta/projects/achabrasil-98571/instances 200
[debug] [2026-06-19T07:21:35.716Z] <<< [apiv2][body] GET https://firebaseextensions.googleapis.com/v1beta/projects/achabrasil-98571/instances {}
[info] i  functions: preparing functions directory for uploading... 
[info] i  functions: packaged D:\Work\achabrasil\functions (42.66 KB) for uploading 
[info] i  functions: ensuring required API cloudscheduler.googleapis.com is enabled... 
[debug] [2026-06-19T07:21:35.771Z] Checked if tokens are valid: true, expires at: 1781855334780
[debug] [2026-06-19T07:21:35.771Z] Checked if tokens are valid: true, expires at: 1781855334780
[debug] [2026-06-19T07:21:35.771Z] >>> [apiv2][query] GET https://serviceusage.googleapis.com/v1/projects/337569791482/services/cloudscheduler.googleapis.com [none]
[debug] [2026-06-19T07:21:35.771Z] >>> [apiv2][(partial)header] GET https://serviceusage.googleapis.com/v1/projects/337569791482/services/cloudscheduler.googleapis.com  x-goog-user-project=337569791482
[debug] [2026-06-19T07:21:36.660Z] <<< [apiv2][status] GET https://serviceusage.googleapis.com/v1/projects/337569791482/services/cloudscheduler.googleapis.com 200
[debug] [2026-06-19T07:21:36.661Z] <<< [apiv2][body] GET https://serviceusage.googleapis.com/v1/projects/337569791482/services/cloudscheduler.googleapis.com [omitted]
[warn] !  functions: missing required API cloudscheduler.googleapis.com. Enabling now... 
[debug] [2026-06-19T07:21:36.661Z] Checked if tokens are valid: true, expires at: 1781855334780
[debug] [2026-06-19T07:21:36.661Z] Checked if tokens are valid: true, expires at: 1781855334780
[debug] [2026-06-19T07:21:36.661Z] >>> [apiv2][query] POST https://serviceusage.googleapis.com/v1/projects/337569791482/services/cloudscheduler.googleapis.com:enable [none]
[debug] [2026-06-19T07:21:36.661Z] >>> [apiv2][(partial)header] POST https://serviceusage.googleapis.com/v1/projects/337569791482/services/cloudscheduler.googleapis.com:enable  x-goog-user-project=337569791482
[debug] [2026-06-19T07:21:37.397Z] <<< [apiv2][status] POST https://serviceusage.googleapis.com/v1/projects/337569791482/services/cloudscheduler.googleapis.com:enable 200
[debug] [2026-06-19T07:21:37.397Z] <<< [apiv2][body] POST https://serviceusage.googleapis.com/v1/projects/337569791482/services/cloudscheduler.googleapis.com:enable [omitted]
[info] i  functions: ensuring required API run.googleapis.com is enabled... 
[debug] [2026-06-19T07:21:47.402Z] Checked if tokens are valid: true, expires at: 1781855334780
[debug] [2026-06-19T07:21:47.402Z] Checked if tokens are valid: true, expires at: 1781855334780
[info] i  functions: ensuring required API eventarc.googleapis.com is enabled... 
[debug] [2026-06-19T07:21:47.403Z] Checked if tokens are valid: true, expires at: 1781855334780
[debug] [2026-06-19T07:21:47.403Z] Checked if tokens are valid: true, expires at: 1781855334780
[info] i  functions: ensuring required API pubsub.googleapis.com is enabled... 
[debug] [2026-06-19T07:21:47.403Z] Checked if tokens are valid: true, expires at: 1781855334780
[debug] [2026-06-19T07:21:47.403Z] Checked if tokens are valid: true, expires at: 1781855334780
[info] i  functions: ensuring required API storage.googleapis.com is enabled... 
[debug] [2026-06-19T07:21:47.403Z] Checked if tokens are valid: true, expires at: 1781855334780
[debug] [2026-06-19T07:21:47.403Z] Checked if tokens are valid: true, expires at: 1781855334780
[debug] [2026-06-19T07:21:47.403Z] >>> [apiv2][query] GET https://serviceusage.googleapis.com/v1/projects/337569791482/services/run.googleapis.com [none]
[debug] [2026-06-19T07:21:47.403Z] >>> [apiv2][(partial)header] GET https://serviceusage.googleapis.com/v1/projects/337569791482/services/run.googleapis.com  x-goog-user-project=337569791482
[debug] [2026-06-19T07:21:47.404Z] >>> [apiv2][query] GET https://serviceusage.googleapis.com/v1/projects/337569791482/services/eventarc.googleapis.com [none]
[debug] [2026-06-19T07:21:47.404Z] >>> [apiv2][(partial)header] GET https://serviceusage.googleapis.com/v1/projects/337569791482/services/eventarc.googleapis.com  x-goog-user-project=337569791482
[debug] [2026-06-19T07:21:47.405Z] >>> [apiv2][query] GET https://serviceusage.googleapis.com/v1/projects/337569791482/services/pubsub.googleapis.com [none]
[debug] [2026-06-19T07:21:47.405Z] >>> [apiv2][(partial)header] GET https://serviceusage.googleapis.com/v1/projects/337569791482/services/pubsub.googleapis.com  x-goog-user-project=337569791482
[debug] [2026-06-19T07:21:47.406Z] >>> [apiv2][query] GET https://serviceusage.googleapis.com/v1/projects/337569791482/services/storage.googleapis.com [none]
[debug] [2026-06-19T07:21:47.406Z] >>> [apiv2][(partial)header] GET https://serviceusage.googleapis.com/v1/projects/337569791482/services/storage.googleapis.com  x-goog-user-project=337569791482
[debug] [2026-06-19T07:21:48.265Z] <<< [apiv2][status] GET https://serviceusage.googleapis.com/v1/projects/337569791482/services/eventarc.googleapis.com 200
[debug] [2026-06-19T07:21:48.265Z] <<< [apiv2][body] GET https://serviceusage.googleapis.com/v1/projects/337569791482/services/eventarc.googleapis.com [omitted]
[warn] !  functions: missing required API eventarc.googleapis.com. Enabling now... 
[debug] [2026-06-19T07:21:48.266Z] Checked if tokens are valid: true, expires at: 1781855334780
[debug] [2026-06-19T07:21:48.266Z] Checked if tokens are valid: true, expires at: 1781855334780
[debug] [2026-06-19T07:21:48.266Z] >>> [apiv2][query] POST https://serviceusage.googleapis.com/v1/projects/337569791482/services/eventarc.googleapis.com:enable [none]
[debug] [2026-06-19T07:21:48.266Z] >>> [apiv2][(partial)header] POST https://serviceusage.googleapis.com/v1/projects/337569791482/services/eventarc.googleapis.com:enable  x-goog-user-project=337569791482
[debug] [2026-06-19T07:21:48.271Z] <<< [apiv2][status] GET https://serviceusage.googleapis.com/v1/projects/337569791482/services/pubsub.googleapis.com 200
[debug] [2026-06-19T07:21:48.271Z] <<< [apiv2][body] GET https://serviceusage.googleapis.com/v1/projects/337569791482/services/pubsub.googleapis.com [omitted]
[info] +  functions: required API pubsub.googleapis.com is enabled 
[debug] [2026-06-19T07:21:48.299Z] <<< [apiv2][status] GET https://serviceusage.googleapis.com/v1/projects/337569791482/services/storage.googleapis.com 200
[debug] [2026-06-19T07:21:48.300Z] <<< [apiv2][body] GET https://serviceusage.googleapis.com/v1/projects/337569791482/services/storage.googleapis.com [omitted]
[info] +  functions: required API storage.googleapis.com is enabled 
[debug] [2026-06-19T07:21:48.311Z] <<< [apiv2][status] GET https://serviceusage.googleapis.com/v1/projects/337569791482/services/run.googleapis.com 200
[debug] [2026-06-19T07:21:48.311Z] <<< [apiv2][body] GET https://serviceusage.googleapis.com/v1/projects/337569791482/services/run.googleapis.com [omitted]
[info] +  functions: required API run.googleapis.com is enabled 
[debug] [2026-06-19T07:21:48.967Z] <<< [apiv2][status] POST https://serviceusage.googleapis.com/v1/projects/337569791482/services/eventarc.googleapis.com:enable 200
[debug] [2026-06-19T07:21:48.967Z] <<< [apiv2][body] POST https://serviceusage.googleapis.com/v1/projects/337569791482/services/eventarc.googleapis.com:enable [omitted]
[info] i  functions: generating the service identity for pubsub.googleapis.com... 
[debug] [2026-06-19T07:21:58.972Z] Checked if tokens are valid: true, expires at: 1781855334780
[debug] [2026-06-19T07:21:58.972Z] Checked if tokens are valid: true, expires at: 1781855334780
[info] i  functions: generating the service identity for eventarc.googleapis.com... 
[debug] [2026-06-19T07:21:58.972Z] Checked if tokens are valid: true, expires at: 1781855334780
[debug] [2026-06-19T07:21:58.972Z] Checked if tokens are valid: true, expires at: 1781855334780
[debug] [2026-06-19T07:21:58.972Z] >>> [apiv2][query] POST https://serviceusage.googleapis.com/v1beta1/projects/337569791482/services/pubsub.googleapis.com:generateServiceIdentity [none]
[debug] [2026-06-19T07:21:58.972Z] >>> [apiv2][(partial)header] POST https://serviceusage.googleapis.com/v1beta1/projects/337569791482/services/pubsub.googleapis.com:generateServiceIdentity  x-goog-user-project=337569791482
[debug] [2026-06-19T07:21:58.972Z] >>> [apiv2][body] POST https://serviceusage.googleapis.com/v1beta1/projects/337569791482/services/pubsub.googleapis.com:generateServiceIdentity {}
[debug] [2026-06-19T07:21:58.973Z] >>> [apiv2][query] POST https://serviceusage.googleapis.com/v1beta1/projects/337569791482/services/eventarc.googleapis.com:generateServiceIdentity [none]
[debug] [2026-06-19T07:21:58.973Z] >>> [apiv2][(partial)header] POST https://serviceusage.googleapis.com/v1beta1/projects/337569791482/services/eventarc.googleapis.com:generateServiceIdentity  x-goog-user-project=337569791482
[debug] [2026-06-19T07:21:58.973Z] >>> [apiv2][body] POST https://serviceusage.googleapis.com/v1beta1/projects/337569791482/services/eventarc.googleapis.com:generateServiceIdentity {}
[debug] [2026-06-19T07:22:00.102Z] <<< [apiv2][status] POST https://serviceusage.googleapis.com/v1beta1/projects/337569791482/services/pubsub.googleapis.com:generateServiceIdentity 200
[debug] [2026-06-19T07:22:00.102Z] <<< [apiv2][body] POST https://serviceusage.googleapis.com/v1beta1/projects/337569791482/services/pubsub.googleapis.com:generateServiceIdentity {"name":"operations/finished.DONE_OPERATION","done":true,"response":{"@type":"type.googleapis.com/google.api.serviceusage.v1beta1.ServiceIdentity","email":"service-337569791482@gcp-sa-pubsub.iam.gserviceaccount.com","uniqueId":"111760033428515756463"}}
[debug] [2026-06-19T07:22:00.315Z] <<< [apiv2][status] POST https://serviceusage.googleapis.com/v1beta1/projects/337569791482/services/eventarc.googleapis.com:generateServiceIdentity 200
[debug] [2026-06-19T07:22:00.315Z] <<< [apiv2][body] POST https://serviceusage.googleapis.com/v1beta1/projects/337569791482/services/eventarc.googleapis.com:generateServiceIdentity {"name":"operations/finished.DONE_OPERATION","done":true,"response":{"@type":"type.googleapis.com/google.api.serviceusage.v1beta1.ServiceIdentity","email":"service-337569791482@gcp-sa-eventarc.iam.gserviceaccount.com","uniqueId":"109357984968180154200"}}
[info] i  functions: ensuring required API secretmanager.googleapis.com is enabled... 
[debug] [2026-06-19T07:22:00.316Z] Checked if tokens are valid: true, expires at: 1781855334780
[debug] [2026-06-19T07:22:00.316Z] Checked if tokens are valid: true, expires at: 1781855334780
[debug] [2026-06-19T07:22:00.316Z] >>> [apiv2][query] GET https://serviceusage.googleapis.com/v1/projects/337569791482/services/secretmanager.googleapis.com [none]
[debug] [2026-06-19T07:22:00.316Z] >>> [apiv2][(partial)header] GET https://serviceusage.googleapis.com/v1/projects/337569791482/services/secretmanager.googleapis.com  x-goog-user-project=337569791482
[debug] [2026-06-19T07:22:00.637Z] <<< [apiv2][status] GET https://serviceusage.googleapis.com/v1/projects/337569791482/services/secretmanager.googleapis.com 200
[debug] [2026-06-19T07:22:00.638Z] <<< [apiv2][body] GET https://serviceusage.googleapis.com/v1/projects/337569791482/services/secretmanager.googleapis.com [omitted]
[info] +  functions: required API secretmanager.googleapis.com is enabled 
[debug] [2026-06-19T07:22:00.641Z] Checked if tokens are valid: true, expires at: 1781855334780
[debug] [2026-06-19T07:22:00.641Z] Checked if tokens are valid: true, expires at: 1781855334780
[debug] [2026-06-19T07:22:00.641Z] Checked if tokens are valid: true, expires at: 1781855334780
[debug] [2026-06-19T07:22:00.641Z] Checked if tokens are valid: true, expires at: 1781855334780
[debug] [2026-06-19T07:22:00.642Z] >>> [apiv2][query] GET https://secretmanager.googleapis.com/v1/projects/achabrasil-98571/secrets/TP_API_TOKEN/versions/latest [none]
[debug] [2026-06-19T07:22:00.642Z] >>> [apiv2][query] GET https://secretmanager.googleapis.com/v1/projects/achabrasil-98571/secrets/RESEND_API_KEY/versions/latest [none]
[debug] [2026-06-19T07:22:00.944Z] <<< [apiv2][status] GET https://secretmanager.googleapis.com/v1/projects/achabrasil-98571/secrets/RESEND_API_KEY/versions/latest 200
[debug] [2026-06-19T07:22:00.944Z] <<< [apiv2][body] GET https://secretmanager.googleapis.com/v1/projects/achabrasil-98571/secrets/RESEND_API_KEY/versions/latest {"name":"projects/337569791482/secrets/RESEND_API_KEY/versions/1","createTime":"2026-06-19T07:15:41.704101Z","state":"ENABLED","replicationStatus":{"automatic":{}},"etag":"\"1654960f795fa5\""}
[debug] [2026-06-19T07:22:00.944Z] Resolved secret version of RESEND_API_KEY to 1.
[debug] [2026-06-19T07:22:01.161Z] <<< [apiv2][status] GET https://secretmanager.googleapis.com/v1/projects/achabrasil-98571/secrets/TP_API_TOKEN/versions/latest 200
[debug] [2026-06-19T07:22:01.161Z] <<< [apiv2][body] GET https://secretmanager.googleapis.com/v1/projects/achabrasil-98571/secrets/TP_API_TOKEN/versions/latest {"name":"projects/337569791482/secrets/TP_API_TOKEN/versions/1","createTime":"2026-06-19T06:49:46.348611Z","state":"ENABLED","replicationStatus":{"automatic":{}},"etag":"\"165495b2c48843\""}
[debug] [2026-06-19T07:22:01.161Z] Resolved secret version of TP_API_TOKEN to 1.
[debug] [2026-06-19T07:22:01.162Z] Checked if tokens are valid: true, expires at: 1781855334780
[debug] [2026-06-19T07:22:01.162Z] Checked if tokens are valid: true, expires at: 1781855334780
[debug] [2026-06-19T07:22:01.162Z] >>> [apiv2][query] GET https://cloudresourcemanager.googleapis.com/v1/projects/achabrasil-98571 [none]
[debug] [2026-06-19T07:22:01.390Z] <<< [apiv2][status] GET https://cloudresourcemanager.googleapis.com/v1/projects/achabrasil-98571 200
[debug] [2026-06-19T07:22:01.390Z] <<< [apiv2][body] GET https://cloudresourcemanager.googleapis.com/v1/projects/achabrasil-98571 {"projectNumber":"337569791482","projectId":"achabrasil-98571","lifecycleState":"ACTIVE","name":"achabrasil","labels":{"firebase":"enabled","firebase-core":"disabled"},"createTime":"2026-06-15T21:17:42.497Z"}
[debug] [2026-06-19T07:22:01.391Z] Checked if tokens are valid: true, expires at: 1781855334780
[debug] [2026-06-19T07:22:01.391Z] Checked if tokens are valid: true, expires at: 1781855334780
[debug] [2026-06-19T07:22:01.391Z] >>> [apiv2][query] GET https://compute.googleapis.com/compute/v1/projects/337569791482 [none]
[debug] [2026-06-19T07:22:01.642Z] <<< [apiv2][status] GET https://compute.googleapis.com/compute/v1/projects/337569791482 403
[debug] [2026-06-19T07:22:01.642Z] <<< [apiv2][body] GET https://compute.googleapis.com/compute/v1/projects/337569791482 {"error":{"code":403,"message":"Compute Engine API has not been used in project 337569791482 before or it is disabled. Enable it by visiting https://console.developers.google.com/apis/api/compute.googleapis.com/overview?project=337569791482 then retry. If you enabled this API recently, wait a few minutes for the action to propagate to our systems and retry.","errors":[{"message":"Compute Engine API has not been used in project 337569791482 before or it is disabled. Enable it by visiting https://console.developers.google.com/apis/api/compute.googleapis.com/overview?project=337569791482 then retry. If you enabled this API recently, wait a few minutes for the action to propagate to our systems and retry.","domain":"usageLimits","reason":"accessNotConfigured","extendedHelp":"https://console.developers.google.com"}],"status":"PERMISSION_DENIED","details":[{"@type":"type.googleapis.com/google.rpc.ErrorInfo","reason":"SERVICE_DISABLED","domain":"googleapis.com","metadata":{"service":"compute.googleapis.com","serviceTitle":"Compute Engine API","containerInfo":"337569791482","consumer":"projects/337569791482","activationUrl":"https://console.developers.google.com/apis/api/compute.googleapis.com/overview?project=337569791482"}},{"@type":"type.googleapis.com/google.rpc.LocalizedMessage","locale":"en-US","message":"Compute Engine API has not been used in project 337569791482 before or it is disabled. Enable it by visiting https://console.developers.google.com/apis/api/compute.googleapis.com/overview?project=337569791482 then retry. If you enabled this API recently, wait a few minutes for the action to propagate to our systems and retry."},{"@type":"type.googleapis.com/google.rpc.Help","links":[{"description":"Google developers console API activation","url":"https://console.developers.google.com/apis/api/compute.googleapis.com/overview?project=337569791482"}]}]}}
[debug] [2026-06-19T07:22:01.642Z] unable to look up default compute service account. Falling back to 337569791482-compute@developer.gserviceaccount.com. Error: {"name":"FirebaseError","children":[],"context":{"body":{"error":{"code":403,"message":"Compute Engine API has not been used in project 337569791482 before or it is disabled. Enable it by visiting https://console.developers.google.com/apis/api/compute.googleapis.com/overview?project=337569791482 then retry. If you enabled this API recently, wait a few minutes for the action to propagate to our systems and retry.","errors":[{"message":"Compute Engine API has not been used in project 337569791482 before or it is disabled. Enable it by visiting https://console.developers.google.com/apis/api/compute.googleapis.com/overview?project=337569791482 then retry. If you enabled this API recently, wait a few minutes for the action to propagate to our systems and retry.","domain":"usageLimits","reason":"accessNotConfigured","extendedHelp":"https://console.developers.google.com"}],"status":"PERMISSION_DENIED","details":[{"@type":"type.googleapis.com/google.rpc.ErrorInfo","reason":"SERVICE_DISABLED","domain":"googleapis.com","metadata":{"service":"compute.googleapis.com","serviceTitle":"Compute Engine API","containerInfo":"337569791482","consumer":"projects/337569791482","activationUrl":"https://console.developers.google.com/apis/api/compute.googleapis.com/overview?project=337569791482"}},{"@type":"type.googleapis.com/google.rpc.LocalizedMessage","locale":"en-US","message":"Compute Engine API has not been used in project 337569791482 before or it is disabled. Enable it by visiting https://console.developers.google.com/apis/api/compute.googleapis.com/overview?project=337569791482 then retry. If you enabled this API recently, wait a few minutes for the action to propagate to our systems and retry."},{"@type":"type.googleapis.com/google.rpc.Help","links":[{"description":"Google developers console API activation","url":"https://console.developers.google.com/apis/api/compute.googleapis.com/overview?project=337569791482"}]}]}},"response":{"statusCode":403}},"exit":1,"message":"Request to https://compute.googleapis.com/compute/v1/projects/337569791482 had HTTP Error: 403, Compute Engine API has not been used in project 337569791482 before or it is disabled. Enable it by visiting https://console.developers.google.com/apis/api/compute.googleapis.com/overview?project=337569791482 then retry. If you enabled this API recently, wait a few minutes for the action to propagate to our systems and retry.","status":403}
[info] i  functions: ensuring 337569791482-compute@developer.gserviceaccount.com access to secret TP_API_TOKEN. 
[debug] [2026-06-19T07:22:01.643Z] Checked if tokens are valid: true, expires at: 1781855334780
[debug] [2026-06-19T07:22:01.643Z] Checked if tokens are valid: true, expires at: 1781855334780
[info] i  functions: ensuring 337569791482-compute@developer.gserviceaccount.com access to secret RESEND_API_KEY. 
[debug] [2026-06-19T07:22:01.643Z] Checked if tokens are valid: true, expires at: 1781855334780
[debug] [2026-06-19T07:22:01.643Z] Checked if tokens are valid: true, expires at: 1781855334780
[debug] [2026-06-19T07:22:01.643Z] >>> [apiv2][query] GET https://secretmanager.googleapis.com/v1/projects/achabrasil-98571/secrets/TP_API_TOKEN:getIamPolicy [none]
[debug] [2026-06-19T07:22:01.643Z] >>> [apiv2][query] GET https://secretmanager.googleapis.com/v1/projects/achabrasil-98571/secrets/RESEND_API_KEY:getIamPolicy [none]
[debug] [2026-06-19T07:22:02.006Z] <<< [apiv2][status] GET https://secretmanager.googleapis.com/v1/projects/achabrasil-98571/secrets/RESEND_API_KEY:getIamPolicy 200
[debug] [2026-06-19T07:22:02.006Z] <<< [apiv2][body] GET https://secretmanager.googleapis.com/v1/projects/achabrasil-98571/secrets/RESEND_API_KEY:getIamPolicy {"etag":"ACAB"}
[debug] [2026-06-19T07:22:02.006Z] Checked if tokens are valid: true, expires at: 1781855334780
[debug] [2026-06-19T07:22:02.006Z] Checked if tokens are valid: true, expires at: 1781855334780
[debug] [2026-06-19T07:22:02.007Z] >>> [apiv2][query] POST https://secretmanager.googleapis.com/v1/projects/achabrasil-98571/secrets/RESEND_API_KEY:setIamPolicy [none]
[debug] [2026-06-19T07:22:02.007Z] >>> [apiv2][body] POST https://secretmanager.googleapis.com/v1/projects/achabrasil-98571/secrets/RESEND_API_KEY:setIamPolicy {"policy":{"bindings":[{"role":"roles/secretmanager.secretAccessor","members":["serviceAccount:337569791482-compute@developer.gserviceaccount.com"]}]},"updateMask":"bindings"}
[debug] [2026-06-19T07:22:02.100Z] <<< [apiv2][status] GET https://secretmanager.googleapis.com/v1/projects/achabrasil-98571/secrets/TP_API_TOKEN:getIamPolicy 200
[debug] [2026-06-19T07:22:02.100Z] <<< [apiv2][body] GET https://secretmanager.googleapis.com/v1/projects/achabrasil-98571/secrets/TP_API_TOKEN:getIamPolicy {"etag":"ACAB"}
[debug] [2026-06-19T07:22:02.100Z] Checked if tokens are valid: true, expires at: 1781855334780
[debug] [2026-06-19T07:22:02.100Z] Checked if tokens are valid: true, expires at: 1781855334780
[debug] [2026-06-19T07:22:02.100Z] >>> [apiv2][query] POST https://secretmanager.googleapis.com/v1/projects/achabrasil-98571/secrets/TP_API_TOKEN:setIamPolicy [none]
[debug] [2026-06-19T07:22:02.100Z] >>> [apiv2][body] POST https://secretmanager.googleapis.com/v1/projects/achabrasil-98571/secrets/TP_API_TOKEN:setIamPolicy {"policy":{"bindings":[{"role":"roles/secretmanager.secretAccessor","members":["serviceAccount:337569791482-compute@developer.gserviceaccount.com"]}]},"updateMask":"bindings"}
[debug] [2026-06-19T07:22:02.605Z] <<< [apiv2][status] POST https://secretmanager.googleapis.com/v1/projects/achabrasil-98571/secrets/RESEND_API_KEY:setIamPolicy 200
[debug] [2026-06-19T07:22:02.606Z] <<< [apiv2][body] POST https://secretmanager.googleapis.com/v1/projects/achabrasil-98571/secrets/RESEND_API_KEY:setIamPolicy {"version":1,"etag":"BwZUliYqp5Y=","bindings":[{"role":"roles/secretmanager.secretAccessor","members":["serviceAccount:337569791482-compute@developer.gserviceaccount.com"]}]}
[info] +  secretmanager: Granted roles/secretmanager.secretAccessor on projects/achabrasil-98571/secrets/RESEND_API_KEY to 337569791482-compute@developer.gserviceaccount.com 
[info] +  functions: ensured 337569791482-compute@developer.gserviceaccount.com access to RESEND_API_KEY. 
[debug] [2026-06-19T07:22:02.721Z] <<< [apiv2][status] POST https://secretmanager.googleapis.com/v1/projects/achabrasil-98571/secrets/TP_API_TOKEN:setIamPolicy 200
[debug] [2026-06-19T07:22:02.721Z] <<< [apiv2][body] POST https://secretmanager.googleapis.com/v1/projects/achabrasil-98571/secrets/TP_API_TOKEN:setIamPolicy {"version":1,"etag":"BwZUliYsaWY=","bindings":[{"role":"roles/secretmanager.secretAccessor","members":["serviceAccount:337569791482-compute@developer.gserviceaccount.com"]}]}
[info] +  secretmanager: Granted roles/secretmanager.secretAccessor on projects/achabrasil-98571/secrets/TP_API_TOKEN to 337569791482-compute@developer.gserviceaccount.com 
[info] +  functions: ensured 337569791482-compute@developer.gserviceaccount.com access to TP_API_TOKEN. 
[debug] [2026-06-19T07:22:02.722Z] Checked if tokens are valid: true, expires at: 1781855334780
[debug] [2026-06-19T07:22:02.722Z] Checked if tokens are valid: true, expires at: 1781855334780
[debug] [2026-06-19T07:22:02.722Z] >>> [apiv2][query] GET https://cloudbilling.googleapis.com/v1/projects/achabrasil-98571/billingInfo [none]
[debug] [2026-06-19T07:22:03.989Z] <<< [apiv2][status] GET https://cloudbilling.googleapis.com/v1/projects/achabrasil-98571/billingInfo 200
[debug] [2026-06-19T07:22:03.989Z] <<< [apiv2][body] GET https://cloudbilling.googleapis.com/v1/projects/achabrasil-98571/billingInfo {"name":"projects/achabrasil-98571/billingInfo","projectId":"achabrasil-98571","billingAccountName":"billingAccounts/01BADD-FADF86-1A6979","billingEnabled":true}
[debug] [2026-06-19T07:22:03.990Z] Checked if tokens are valid: true, expires at: 1781855334780
[debug] [2026-06-19T07:22:03.990Z] Checked if tokens are valid: true, expires at: 1781855334780
[debug] [2026-06-19T07:22:03.990Z] >>> [apiv2][query] POST https://cloudfunctions.googleapis.com/v2/projects/achabrasil-98571/locations/us-central1/functions:generateUploadUrl [none]
[debug] [2026-06-19T07:22:05.635Z] <<< [apiv2][status] POST https://cloudfunctions.googleapis.com/v2/projects/achabrasil-98571/locations/us-central1/functions:generateUploadUrl 200
[debug] [2026-06-19T07:22:05.635Z] <<< [apiv2][body] POST https://cloudfunctions.googleapis.com/v2/projects/achabrasil-98571/locations/us-central1/functions:generateUploadUrl {"uploadUrl":"https://storage.googleapis.com/gcf-v2-uploads-337569791482.us-central1.cloudfunctions.appspot.com/2e372505-7263-45b4-8449-6513ba6709d5.zip?GoogleAccessId=service-337569791482@gcf-admin-robot.iam.gserviceaccount.com&Expires=1781855525&Signature=m6%2FUVt%2Bu9Nt6F6rzgTJPrfqloRcl4vtWMilMG662tqD5VHR2yYRQw9UsI8DDPK%2BcXmoJmEmwK%2FwBR3uprpbS%2B3Okn%2FglFB6cTaF27ANOFNgHLt4tvIU4QALswQ9NGRamcaeseOs4Amyr%2BHCnEbeTFyP7IVsdEvOqZ7Bws%2FQ6OsyQsGsQpQpzaguqIGzRfusUwjSpa%2Bcn7Q7AVswAxB3yUat6Qso18BVw5Ann8RxcTpFss8gOjvHA1pk0WfshIAxCZk0ygv93lSxuLyOhb0FnyvdA1uHL8V4ZQfYqVAdOHwFb0QAPtI2%2FOdNAe22ZQRv6PnjaMLi0YGUdsgnDHsGOpg%3D%3D","storageSource":{"bucket":"gcf-v2-uploads-337569791482.us-central1.cloudfunctions.appspot.com","object":"2e372505-7263-45b4-8449-6513ba6709d5.zip"}}
[debug] [2026-06-19T07:22:05.636Z] >>> [apiv2][query] PUT https://storage.googleapis.com/gcf-v2-uploads-337569791482.us-central1.cloudfunctions.appspot.com/2e372505-7263-45b4-8449-6513ba6709d5.zip GoogleAccessId=service-337569791482%40gcf-admin-robot.iam.gserviceaccount.com&Expires=1781855525&Signature=m6%2FUVt%2Bu9Nt6F6rzgTJPrfqloRcl4vtWMilMG662tqD5VHR2yYRQw9UsI8DDPK%2BcXmoJmEmwK%2FwBR3uprpbS%2B3Okn%2FglFB6cTaF27ANOFNgHLt4tvIU4QALswQ9NGRamcaeseOs4Amyr%2BHCnEbeTFyP7IVsdEvOqZ7Bws%2FQ6OsyQsGsQpQpzaguqIGzRfusUwjSpa%2Bcn7Q7AVswAxB3yUat6Qso18BVw5Ann8RxcTpFss8gOjvHA1pk0WfshIAxCZk0ygv93lSxuLyOhb0FnyvdA1uHL8V4ZQfYqVAdOHwFb0QAPtI2%2FOdNAe22ZQRv6PnjaMLi0YGUdsgnDHsGOpg%3D%3D
[debug] [2026-06-19T07:22:05.636Z] >>> [apiv2][body] PUT https://storage.googleapis.com/gcf-v2-uploads-337569791482.us-central1.cloudfunctions.appspot.com/2e372505-7263-45b4-8449-6513ba6709d5.zip [stream]
[debug] [2026-06-19T07:22:05.918Z] <<< [apiv2][status] PUT https://storage.googleapis.com/gcf-v2-uploads-337569791482.us-central1.cloudfunctions.appspot.com/2e372505-7263-45b4-8449-6513ba6709d5.zip 200
[debug] [2026-06-19T07:22:05.918Z] <<< [apiv2][body] PUT https://storage.googleapis.com/gcf-v2-uploads-337569791482.us-central1.cloudfunctions.appspot.com/2e372505-7263-45b4-8449-6513ba6709d5.zip [omitted]
[info] +  functions: functions source uploaded successfully 
[info] i  functions: creating Node.js 20 (2nd Gen) function checkPriceAlerts(us-central1)... 
[debug] [2026-06-19T07:22:05.920Z] Checked if tokens are valid: true, expires at: 1781855334780
[debug] [2026-06-19T07:22:05.920Z] Checked if tokens are valid: true, expires at: 1781855334780
[debug] [2026-06-19T07:22:05.920Z] >>> [apiv2][query] POST https://cloudfunctions.googleapis.com/v2/projects/achabrasil-98571/locations/us-central1/functions functionId=checkPriceAlerts
[debug] [2026-06-19T07:22:05.920Z] >>> [apiv2][body] POST https://cloudfunctions.googleapis.com/v2/projects/achabrasil-98571/locations/us-central1/functions {"name":"projects/achabrasil-98571/locations/us-central1/functions/checkPriceAlerts","buildConfig":{"runtime":"nodejs20","entryPoint":"checkPriceAlerts","source":{"storageSource":{"bucket":"gcf-v2-uploads-337569791482.us-central1.cloudfunctions.appspot.com","object":"2e372505-7263-45b4-8449-6513ba6709d5.zip"}},"environmentVariables":{"GOOGLE_NODE_RUN_SCRIPTS":""}},"serviceConfig":{"environmentVariables":{"FIREBASE_CONFIG":"{\"projectId\":\"achabrasil-98571\",\"storageBucket\":\"achabrasil-98571.firebasestorage.app\"}","GCLOUD_PROJECT":"achabrasil-98571","EVENTARC_CLOUD_EVENT_SOURCE":"projects/achabrasil-98571/locations/us-central1/services/checkPriceAlerts","FUNCTION_TARGET":"checkPriceAlerts","LOG_EXECUTION_ID":"true"},"secretEnvironmentVariables":[{"key":"TP_API_TOKEN","secret":"TP_API_TOKEN","projectId":"achabrasil-98571","version":"1"},{"key":"RESEND_API_KEY","secret":"RESEND_API_KEY","projectId":"achabrasil-98571","version":"1"}],"ingressSettings":null,"timeoutSeconds":540,"serviceAccountEmail":null,"availableMemory":"256Mi","minInstanceCount":null,"maxInstanceCount":null,"maxInstanceRequestConcurrency":80,"availableCpu":"1","vpcConnector":null,"vpcConnectorEgressSettings":null,"directVpcNetworkInterface":null,"directVpcEgress":null},"labels":{"deployment-tool":"cli-firebase","deployment-scheduled":"true","firebase-functions-hash":"2c49c1fc2a3468f96e9f3dff5bbe338284fe4c35"}}
[debug] [2026-06-19T07:22:07.712Z] <<< [apiv2][status] POST https://cloudfunctions.googleapis.com/v2/projects/achabrasil-98571/locations/us-central1/functions 200
[debug] [2026-06-19T07:22:07.712Z] <<< [apiv2][body] POST https://cloudfunctions.googleapis.com/v2/projects/achabrasil-98571/locations/us-central1/functions {"name":"projects/achabrasil-98571/locations/us-central1/operations/operation-1781853725954-6549626609027-fdd601d0-fcdfd966","metadata":{"@type":"type.googleapis.com/google.cloud.functions.v2.OperationMetadata","createTime":"2026-06-19T07:22:07.513386431Z","target":"projects/achabrasil-98571/locations/us-central1/functions/checkPriceAlerts","verb":"create","cancelRequested":false,"apiVersion":"v2"},"done":false}
[debug] [2026-06-19T07:22:07.713Z] Checked if tokens are valid: true, expires at: 1781855334780
[debug] [2026-06-19T07:22:07.713Z] Checked if tokens are valid: true, expires at: 1781855334780
[debug] [2026-06-19T07:22:07.713Z] >>> [apiv2][query] GET https://cloudfunctions.googleapis.com/v2/projects/achabrasil-98571/locations/us-central1/operations/operation-1781853725954-6549626609027-fdd601d0-fcdfd966 [none]
[debug] [2026-06-19T07:22:08.438Z] <<< [apiv2][status] GET https://cloudfunctions.googleapis.com/v2/projects/achabrasil-98571/locations/us-central1/operations/operation-1781853725954-6549626609027-fdd601d0-fcdfd966 200
[debug] [2026-06-19T07:22:08.438Z] <<< [apiv2][body] GET https://cloudfunctions.googleapis.com/v2/projects/achabrasil-98571/locations/us-central1/operations/operation-1781853725954-6549626609027-fdd601d0-fcdfd966 {"name":"projects/achabrasil-98571/locations/us-central1/operations/operation-1781853725954-6549626609027-fdd601d0-fcdfd966","metadata":{"@type":"type.googleapis.com/google.cloud.functions.v2.OperationMetadata","createTime":"2026-06-19T07:22:07.513386431Z","target":"projects/achabrasil-98571/locations/us-central1/functions/checkPriceAlerts","verb":"create","cancelRequested":false,"apiVersion":"v2","requestResource":{"@type":"type.googleapis.com/google.cloud.functions.v2.Function","name":"projects/achabrasil-98571/locations/us-central1/functions/checkPriceAlerts","buildConfig":{"runtime":"nodejs20","entryPoint":"checkPriceAlerts","source":{"storageSource":{"bucket":"gcf-v2-sources-337569791482-us-central1","object":"checkPriceAlerts/function-source.zip","generation":"1781853726771539"}},"environmentVariables":{"GOOGLE_NODE_RUN_SCRIPTS":""},"serviceAccount":"projects/achabrasil-98571/serviceAccounts/337569791482-compute@developer.gserviceaccount.com","automaticUpdatePolicy":{}},"serviceConfig":{"service":"projects/achabrasil-98571/locations/us-central1/services/checkpricealerts","timeoutSeconds":540,"environmentVariables":{"FIREBASE_CONFIG":"{\"projectId\":\"achabrasil-98571\",\"storageBucket\":\"achabrasil-98571.firebasestorage.app\"}","GCLOUD_PROJECT":"achabrasil-98571","EVENTARC_CLOUD_EVENT_SOURCE":"projects/achabrasil-98571/locations/us-central1/services/checkPriceAlerts","FUNCTION_TARGET":"checkPriceAlerts","LOG_EXECUTION_ID":"true"},"ingressSettings":"ALLOW_ALL","serviceAccountEmail":"337569791482-compute@developer.gserviceaccount.com","availableMemory":"256Mi","secretEnvironmentVariables":[{"key":"TP_API_TOKEN","projectId":"achabrasil-98571","secret":"TP_API_TOKEN","version":"1"},{"key":"RESEND_API_KEY","projectId":"achabrasil-98571","secret":"RESEND_API_KEY","version":"1"}],"maxInstanceRequestConcurrency":80,"availableCpu":"1"},"labels":{"deployment-tool":"cli-firebase","deployment-scheduled":"true","firebase-functions-hash":"2c49c1fc2a3468f96e9f3dff5bbe338284fe4c35"},"environment":"GEN_2"},"stages":[{"name":"BUILD","state":"NOT_STARTED","stateMessages":[{"severity":"WARNING","type":"BuildAnalysisWarning","message":"Node.js 20 is no longer supported by the Node.js community as of 30 April, 2026. Runtime nodejs20 is currently deprecated for Cloud Functions. We recommend you to upgrade to the latest version of Node.js as soon as possible."}]},{"name":"SERVICE","state":"NOT_STARTED"}],"operationType":"CREATE_FUNCTION"},"done":false}
[debug] [2026-06-19T07:22:08.941Z] [create-default-us-central1-checkPriceAlerts] Retrying task index 0
[debug] [2026-06-19T07:22:08.941Z] Checked if tokens are valid: true, expires at: 1781855334780
[debug] [2026-06-19T07:22:08.941Z] Checked if tokens are valid: true, expires at: 1781855334780
[debug] [2026-06-19T07:22:08.941Z] >>> [apiv2][query] GET https://cloudfunctions.googleapis.com/v2/projects/achabrasil-98571/locations/us-central1/operations/operation-1781853725954-6549626609027-fdd601d0-fcdfd966 [none]
[debug] [2026-06-19T07:22:09.654Z] <<< [apiv2][status] GET https://cloudfunctions.googleapis.com/v2/projects/achabrasil-98571/locations/us-central1/operations/operation-1781853725954-6549626609027-fdd601d0-fcdfd966 200
[debug] [2026-06-19T07:22:09.654Z] <<< [apiv2][body] GET https://cloudfunctions.googleapis.com/v2/projects/achabrasil-98571/locations/us-central1/operations/operation-1781853725954-6549626609027-fdd601d0-fcdfd966 {"name":"projects/achabrasil-98571/locations/us-central1/operations/operation-1781853725954-6549626609027-fdd601d0-fcdfd966","metadata":{"@type":"type.googleapis.com/google.cloud.functions.v2.OperationMetadata","createTime":"2026-06-19T07:22:07.513386431Z","target":"projects/achabrasil-98571/locations/us-central1/functions/checkPriceAlerts","verb":"create","cancelRequested":false,"apiVersion":"v2","requestResource":{"@type":"type.googleapis.com/google.cloud.functions.v2.Function","name":"projects/achabrasil-98571/locations/us-central1/functions/checkPriceAlerts","buildConfig":{"runtime":"nodejs20","entryPoint":"checkPriceAlerts","source":{"storageSource":{"bucket":"gcf-v2-sources-337569791482-us-central1","object":"checkPriceAlerts/function-source.zip","generation":"1781853726771539"}},"environmentVariables":{"GOOGLE_NODE_RUN_SCRIPTS":""},"serviceAccount":"projects/achabrasil-98571/serviceAccounts/337569791482-compute@developer.gserviceaccount.com","automaticUpdatePolicy":{}},"serviceConfig":{"service":"projects/achabrasil-98571/locations/us-central1/services/checkpricealerts","timeoutSeconds":540,"environmentVariables":{"FIREBASE_CONFIG":"{\"projectId\":\"achabrasil-98571\",\"storageBucket\":\"achabrasil-98571.firebasestorage.app\"}","GCLOUD_PROJECT":"achabrasil-98571","EVENTARC_CLOUD_EVENT_SOURCE":"projects/achabrasil-98571/locations/us-central1/services/checkPriceAlerts","FUNCTION_TARGET":"checkPriceAlerts","LOG_EXECUTION_ID":"true"},"ingressSettings":"ALLOW_ALL","serviceAccountEmail":"337569791482-compute@developer.gserviceaccount.com","availableMemory":"256Mi","secretEnvironmentVariables":[{"key":"TP_API_TOKEN","projectId":"achabrasil-98571","secret":"TP_API_TOKEN","version":"1"},{"key":"RESEND_API_KEY","projectId":"achabrasil-98571","secret":"RESEND_API_KEY","version":"1"}],"maxInstanceRequestConcurrency":80,"availableCpu":"1"},"labels":{"deployment-tool":"cli-firebase","deployment-scheduled":"true","firebase-functions-hash":"2c49c1fc2a3468f96e9f3dff5bbe338284fe4c35"},"environment":"GEN_2"},"stages":[{"name":"BUILD","state":"NOT_STARTED","stateMessages":[{"severity":"WARNING","type":"BuildAnalysisWarning","message":"Node.js 20 is no longer supported by the Node.js community as of 30 April, 2026. Runtime nodejs20 is currently deprecated for Cloud Functions. We recommend you to upgrade to the latest version of Node.js as soon as possible."}]},{"name":"SERVICE","state":"NOT_STARTED"}],"operationType":"CREATE_FUNCTION"},"done":false}
[debug] [2026-06-19T07:22:10.670Z] [create-default-us-central1-checkPriceAlerts] Retrying task index 0
[debug] [2026-06-19T07:22:10.670Z] Checked if tokens are valid: true, expires at: 1781855334780
[debug] [2026-06-19T07:22:10.670Z] Checked if tokens are valid: true, expires at: 1781855334780
[debug] [2026-06-19T07:22:10.670Z] >>> [apiv2][query] GET https://cloudfunctions.googleapis.com/v2/projects/achabrasil-98571/locations/us-central1/operations/operation-1781853725954-6549626609027-fdd601d0-fcdfd966 [none]
[debug] [2026-06-19T07:22:11.379Z] <<< [apiv2][status] GET https://cloudfunctions.googleapis.com/v2/projects/achabrasil-98571/locations/us-central1/operations/operation-1781853725954-6549626609027-fdd601d0-fcdfd966 200
[debug] [2026-06-19T07:22:11.379Z] <<< [apiv2][body] GET https://cloudfunctions.googleapis.com/v2/projects/achabrasil-98571/locations/us-central1/operations/operation-1781853725954-6549626609027-fdd601d0-fcdfd966 {"name":"projects/achabrasil-98571/locations/us-central1/operations/operation-1781853725954-6549626609027-fdd601d0-fcdfd966","metadata":{"@type":"type.googleapis.com/google.cloud.functions.v2.OperationMetadata","createTime":"2026-06-19T07:22:07.513386431Z","target":"projects/achabrasil-98571/locations/us-central1/functions/checkPriceAlerts","verb":"create","cancelRequested":false,"apiVersion":"v2","requestResource":{"@type":"type.googleapis.com/google.cloud.functions.v2.Function","name":"projects/achabrasil-98571/locations/us-central1/functions/checkPriceAlerts","buildConfig":{"runtime":"nodejs20","entryPoint":"checkPriceAlerts","source":{"storageSource":{"bucket":"gcf-v2-sources-337569791482-us-central1","object":"checkPriceAlerts/function-source.zip","generation":"1781853726771539"}},"environmentVariables":{"GOOGLE_NODE_RUN_SCRIPTS":""},"serviceAccount":"projects/achabrasil-98571/serviceAccounts/337569791482-compute@developer.gserviceaccount.com","automaticUpdatePolicy":{}},"serviceConfig":{"service":"projects/achabrasil-98571/locations/us-central1/services/checkpricealerts","timeoutSeconds":540,"environmentVariables":{"FIREBASE_CONFIG":"{\"projectId\":\"achabrasil-98571\",\"storageBucket\":\"achabrasil-98571.firebasestorage.app\"}","GCLOUD_PROJECT":"achabrasil-98571","EVENTARC_CLOUD_EVENT_SOURCE":"projects/achabrasil-98571/locations/us-central1/services/checkPriceAlerts","FUNCTION_TARGET":"checkPriceAlerts","LOG_EXECUTION_ID":"true"},"ingressSettings":"ALLOW_ALL","serviceAccountEmail":"337569791482-compute@developer.gserviceaccount.com","availableMemory":"256Mi","secretEnvironmentVariables":[{"key":"TP_API_TOKEN","projectId":"achabrasil-98571","secret":"TP_API_TOKEN","version":"1"},{"key":"RESEND_API_KEY","projectId":"achabrasil-98571","secret":"RESEND_API_KEY","version":"1"}],"maxInstanceRequestConcurrency":80,"availableCpu":"1"},"labels":{"deployment-tool":"cli-firebase","deployment-scheduled":"true","firebase-functions-hash":"2c49c1fc2a3468f96e9f3dff5bbe338284fe4c35"},"environment":"GEN_2"},"stages":[{"name":"BUILD","state":"NOT_STARTED","stateMessages":[{"severity":"WARNING","type":"BuildAnalysisWarning","message":"Node.js 20 is no longer supported by the Node.js community as of 30 April, 2026. Runtime nodejs20 is currently deprecated for Cloud Functions. We recommend you to upgrade to the latest version of Node.js as soon as possible."}]},{"name":"SERVICE","state":"NOT_STARTED"}],"operationType":"CREATE_FUNCTION"},"done":false}
[debug] [2026-06-19T07:22:13.379Z] [create-default-us-central1-checkPriceAlerts] Retrying task index 0
[debug] [2026-06-19T07:22:13.379Z] Checked if tokens are valid: true, expires at: 1781855334780
[debug] [2026-06-19T07:22:13.379Z] Checked if tokens are valid: true, expires at: 1781855334780
[debug] [2026-06-19T07:22:13.379Z] >>> [apiv2][query] GET https://cloudfunctions.googleapis.com/v2/projects/achabrasil-98571/locations/us-central1/operations/operation-1781853725954-6549626609027-fdd601d0-fcdfd966 [none]
[debug] [2026-06-19T07:22:14.078Z] <<< [apiv2][status] GET https://cloudfunctions.googleapis.com/v2/projects/achabrasil-98571/locations/us-central1/operations/operation-1781853725954-6549626609027-fdd601d0-fcdfd966 200
[debug] [2026-06-19T07:22:14.078Z] <<< [apiv2][body] GET https://cloudfunctions.googleapis.com/v2/projects/achabrasil-98571/locations/us-central1/operations/operation-1781853725954-6549626609027-fdd601d0-fcdfd966 {"name":"projects/achabrasil-98571/locations/us-central1/operations/operation-1781853725954-6549626609027-fdd601d0-fcdfd966","metadata":{"@type":"type.googleapis.com/google.cloud.functions.v2.OperationMetadata","createTime":"2026-06-19T07:22:07.513386431Z","target":"projects/achabrasil-98571/locations/us-central1/functions/checkPriceAlerts","verb":"create","cancelRequested":false,"apiVersion":"v2","requestResource":{"@type":"type.googleapis.com/google.cloud.functions.v2.Function","name":"projects/achabrasil-98571/locations/us-central1/functions/checkPriceAlerts","buildConfig":{"runtime":"nodejs20","entryPoint":"checkPriceAlerts","source":{"storageSource":{"bucket":"gcf-v2-sources-337569791482-us-central1","object":"checkPriceAlerts/function-source.zip","generation":"1781853726771539"}},"environmentVariables":{"GOOGLE_NODE_RUN_SCRIPTS":""},"serviceAccount":"projects/achabrasil-98571/serviceAccounts/337569791482-compute@developer.gserviceaccount.com","automaticUpdatePolicy":{}},"serviceConfig":{"service":"projects/achabrasil-98571/locations/us-central1/services/checkpricealerts","timeoutSeconds":540,"environmentVariables":{"FIREBASE_CONFIG":"{\"projectId\":\"achabrasil-98571\",\"storageBucket\":\"achabrasil-98571.firebasestorage.app\"}","GCLOUD_PROJECT":"achabrasil-98571","EVENTARC_CLOUD_EVENT_SOURCE":"projects/achabrasil-98571/locations/us-central1/services/checkPriceAlerts","FUNCTION_TARGET":"checkPriceAlerts","LOG_EXECUTION_ID":"true"},"ingressSettings":"ALLOW_ALL","serviceAccountEmail":"337569791482-compute@developer.gserviceaccount.com","availableMemory":"256Mi","secretEnvironmentVariables":[{"key":"TP_API_TOKEN","projectId":"achabrasil-98571","secret":"TP_API_TOKEN","version":"1"},{"key":"RESEND_API_KEY","projectId":"achabrasil-98571","secret":"RESEND_API_KEY","version":"1"}],"maxInstanceRequestConcurrency":80,"availableCpu":"1"},"labels":{"deployment-tool":"cli-firebase","deployment-scheduled":"true","firebase-functions-hash":"2c49c1fc2a3468f96e9f3dff5bbe338284fe4c35"},"environment":"GEN_2"},"stages":[{"name":"BUILD","state":"NOT_STARTED","stateMessages":[{"severity":"WARNING","type":"BuildAnalysisWarning","message":"Node.js 20 is no longer supported by the Node.js community as of 30 April, 2026. Runtime nodejs20 is currently deprecated for Cloud Functions. We recommend you to upgrade to the latest version of Node.js as soon as possible."}]},{"name":"SERVICE","state":"NOT_STARTED"}],"operationType":"CREATE_FUNCTION"},"done":false}
[debug] [2026-06-19T07:22:18.090Z] [create-default-us-central1-checkPriceAlerts] Retrying task index 0
[debug] [2026-06-19T07:22:18.091Z] Checked if tokens are valid: true, expires at: 1781855334780
[debug] [2026-06-19T07:22:18.091Z] Checked if tokens are valid: true, expires at: 1781855334780
[debug] [2026-06-19T07:22:18.091Z] >>> [apiv2][query] GET https://cloudfunctions.googleapis.com/v2/projects/achabrasil-98571/locations/us-central1/operations/operation-1781853725954-6549626609027-fdd601d0-fcdfd966 [none]
[debug] [2026-06-19T07:22:18.811Z] <<< [apiv2][status] GET https://cloudfunctions.googleapis.com/v2/projects/achabrasil-98571/locations/us-central1/operations/operation-1781853725954-6549626609027-fdd601d0-fcdfd966 200
[debug] [2026-06-19T07:22:18.811Z] <<< [apiv2][body] GET https://cloudfunctions.googleapis.com/v2/projects/achabrasil-98571/locations/us-central1/operations/operation-1781853725954-6549626609027-fdd601d0-fcdfd966 {"name":"projects/achabrasil-98571/locations/us-central1/operations/operation-1781853725954-6549626609027-fdd601d0-fcdfd966","metadata":{"@type":"type.googleapis.com/google.cloud.functions.v2.OperationMetadata","createTime":"2026-06-19T07:22:07.513386431Z","target":"projects/achabrasil-98571/locations/us-central1/functions/checkPriceAlerts","verb":"create","cancelRequested":false,"apiVersion":"v2","requestResource":{"@type":"type.googleapis.com/google.cloud.functions.v2.Function","name":"projects/achabrasil-98571/locations/us-central1/functions/checkPriceAlerts","buildConfig":{"runtime":"nodejs20","entryPoint":"checkPriceAlerts","source":{"storageSource":{"bucket":"gcf-v2-sources-337569791482-us-central1","object":"checkPriceAlerts/function-source.zip","generation":"1781853726771539"}},"environmentVariables":{"GOOGLE_NODE_RUN_SCRIPTS":""},"serviceAccount":"projects/achabrasil-98571/serviceAccounts/337569791482-compute@developer.gserviceaccount.com","automaticUpdatePolicy":{}},"serviceConfig":{"service":"projects/achabrasil-98571/locations/us-central1/services/checkpricealerts","timeoutSeconds":540,"environmentVariables":{"FIREBASE_CONFIG":"{\"projectId\":\"achabrasil-98571\",\"storageBucket\":\"achabrasil-98571.firebasestorage.app\"}","GCLOUD_PROJECT":"achabrasil-98571","EVENTARC_CLOUD_EVENT_SOURCE":"projects/achabrasil-98571/locations/us-central1/services/checkPriceAlerts","FUNCTION_TARGET":"checkPriceAlerts","LOG_EXECUTION_ID":"true"},"ingressSettings":"ALLOW_ALL","serviceAccountEmail":"337569791482-compute@developer.gserviceaccount.com","availableMemory":"256Mi","secretEnvironmentVariables":[{"key":"TP_API_TOKEN","projectId":"achabrasil-98571","secret":"TP_API_TOKEN","version":"1"},{"key":"RESEND_API_KEY","projectId":"achabrasil-98571","secret":"RESEND_API_KEY","version":"1"}],"maxInstanceRequestConcurrency":80,"availableCpu":"1"},"labels":{"deployment-tool":"cli-firebase","deployment-scheduled":"true","firebase-functions-hash":"2c49c1fc2a3468f96e9f3dff5bbe338284fe4c35"},"environment":"GEN_2"},"stages":[{"name":"BUILD","message":"Build in progress","state":"IN_PROGRESS","resource":"projects/337569791482/locations/us-central1/builds/9b2e7fd7-04cf-49b9-83fa-9957c01fa6aa","resourceUri":"https://console.cloud.google.com/cloud-build/builds;region=us-central1/9b2e7fd7-04cf-49b9-83fa-9957c01fa6aa?project=337569791482"},{"name":"SERVICE","state":"NOT_STARTED"}],"operationType":"CREATE_FUNCTION","buildName":"projects/337569791482/locations/us-central1/builds/9b2e7fd7-04cf-49b9-83fa-9957c01fa6aa"},"done":false}
[debug] [2026-06-19T07:22:26.818Z] [create-default-us-central1-checkPriceAlerts] Retrying task index 0
[debug] [2026-06-19T07:22:26.818Z] Checked if tokens are valid: true, expires at: 1781855334780
[debug] [2026-06-19T07:22:26.818Z] Checked if tokens are valid: true, expires at: 1781855334780
[debug] [2026-06-19T07:22:26.818Z] >>> [apiv2][query] GET https://cloudfunctions.googleapis.com/v2/projects/achabrasil-98571/locations/us-central1/operations/operation-1781853725954-6549626609027-fdd601d0-fcdfd966 [none]
[debug] [2026-06-19T07:22:27.029Z] <<< [apiv2][status] GET https://cloudfunctions.googleapis.com/v2/projects/achabrasil-98571/locations/us-central1/operations/operation-1781853725954-6549626609027-fdd601d0-fcdfd966 200
[debug] [2026-06-19T07:22:27.029Z] <<< [apiv2][body] GET https://cloudfunctions.googleapis.com/v2/projects/achabrasil-98571/locations/us-central1/operations/operation-1781853725954-6549626609027-fdd601d0-fcdfd966 {"name":"projects/achabrasil-98571/locations/us-central1/operations/operation-1781853725954-6549626609027-fdd601d0-fcdfd966","metadata":{"@type":"type.googleapis.com/google.cloud.functions.v2.OperationMetadata","createTime":"2026-06-19T07:22:07.513386431Z","target":"projects/achabrasil-98571/locations/us-central1/functions/checkPriceAlerts","verb":"create","cancelRequested":false,"apiVersion":"v2","requestResource":{"@type":"type.googleapis.com/google.cloud.functions.v2.Function","name":"projects/achabrasil-98571/locations/us-central1/functions/checkPriceAlerts","buildConfig":{"runtime":"nodejs20","entryPoint":"checkPriceAlerts","source":{"storageSource":{"bucket":"gcf-v2-sources-337569791482-us-central1","object":"checkPriceAlerts/function-source.zip","generation":"1781853726771539"}},"environmentVariables":{"GOOGLE_NODE_RUN_SCRIPTS":""},"serviceAccount":"projects/achabrasil-98571/serviceAccounts/337569791482-compute@developer.gserviceaccount.com","automaticUpdatePolicy":{}},"serviceConfig":{"service":"projects/achabrasil-98571/locations/us-central1/services/checkpricealerts","timeoutSeconds":540,"environmentVariables":{"FIREBASE_CONFIG":"{\"projectId\":\"achabrasil-98571\",\"storageBucket\":\"achabrasil-98571.firebasestorage.app\"}","GCLOUD_PROJECT":"achabrasil-98571","EVENTARC_CLOUD_EVENT_SOURCE":"projects/achabrasil-98571/locations/us-central1/services/checkPriceAlerts","FUNCTION_TARGET":"checkPriceAlerts","LOG_EXECUTION_ID":"true"},"ingressSettings":"ALLOW_ALL","serviceAccountEmail":"337569791482-compute@developer.gserviceaccount.com","availableMemory":"256Mi","secretEnvironmentVariables":[{"key":"TP_API_TOKEN","projectId":"achabrasil-98571","secret":"TP_API_TOKEN","version":"1"},{"key":"RESEND_API_KEY","projectId":"achabrasil-98571","secret":"RESEND_API_KEY","version":"1"}],"maxInstanceRequestConcurrency":80,"availableCpu":"1"},"labels":{"deployment-tool":"cli-firebase","deployment-scheduled":"true","firebase-functions-hash":"2c49c1fc2a3468f96e9f3dff5bbe338284fe4c35"},"environment":"GEN_2"},"stages":[{"name":"BUILD","message":"Build in progress","state":"IN_PROGRESS","resource":"projects/337569791482/locations/us-central1/builds/9b2e7fd7-04cf-49b9-83fa-9957c01fa6aa","resourceUri":"https://console.cloud.google.com/cloud-build/builds;region=us-central1/9b2e7fd7-04cf-49b9-83fa-9957c01fa6aa?project=337569791482"},{"name":"SERVICE","state":"NOT_STARTED"}],"operationType":"CREATE_FUNCTION","buildName":"projects/337569791482/locations/us-central1/builds/9b2e7fd7-04cf-49b9-83fa-9957c01fa6aa"},"done":false}
[debug] [2026-06-19T07:22:37.043Z] [create-default-us-central1-checkPriceAlerts] Retrying task index 0
[debug] [2026-06-19T07:22:37.043Z] Checked if tokens are valid: true, expires at: 1781855334780
[debug] [2026-06-19T07:22:37.043Z] Checked if tokens are valid: true, expires at: 1781855334780
[debug] [2026-06-19T07:22:37.043Z] >>> [apiv2][query] GET https://cloudfunctions.googleapis.com/v2/projects/achabrasil-98571/locations/us-central1/operations/operation-1781853725954-6549626609027-fdd601d0-fcdfd966 [none]
[debug] [2026-06-19T07:22:37.787Z] <<< [apiv2][status] GET https://cloudfunctions.googleapis.com/v2/projects/achabrasil-98571/locations/us-central1/operations/operation-1781853725954-6549626609027-fdd601d0-fcdfd966 200
[debug] [2026-06-19T07:22:37.787Z] <<< [apiv2][body] GET https://cloudfunctions.googleapis.com/v2/projects/achabrasil-98571/locations/us-central1/operations/operation-1781853725954-6549626609027-fdd601d0-fcdfd966 {"name":"projects/achabrasil-98571/locations/us-central1/operations/operation-1781853725954-6549626609027-fdd601d0-fcdfd966","metadata":{"@type":"type.googleapis.com/google.cloud.functions.v2.OperationMetadata","createTime":"2026-06-19T07:22:07.513386431Z","target":"projects/achabrasil-98571/locations/us-central1/functions/checkPriceAlerts","verb":"create","cancelRequested":false,"apiVersion":"v2","requestResource":{"@type":"type.googleapis.com/google.cloud.functions.v2.Function","name":"projects/achabrasil-98571/locations/us-central1/functions/checkPriceAlerts","buildConfig":{"runtime":"nodejs20","entryPoint":"checkPriceAlerts","source":{"storageSource":{"bucket":"gcf-v2-sources-337569791482-us-central1","object":"checkPriceAlerts/function-source.zip","generation":"1781853726771539"}},"environmentVariables":{"GOOGLE_NODE_RUN_SCRIPTS":""},"serviceAccount":"projects/achabrasil-98571/serviceAccounts/337569791482-compute@developer.gserviceaccount.com","automaticUpdatePolicy":{}},"serviceConfig":{"service":"projects/achabrasil-98571/locations/us-central1/services/checkpricealerts","timeoutSeconds":540,"environmentVariables":{"FIREBASE_CONFIG":"{\"projectId\":\"achabrasil-98571\",\"storageBucket\":\"achabrasil-98571.firebasestorage.app\"}","GCLOUD_PROJECT":"achabrasil-98571","EVENTARC_CLOUD_EVENT_SOURCE":"projects/achabrasil-98571/locations/us-central1/services/checkPriceAlerts","FUNCTION_TARGET":"checkPriceAlerts","LOG_EXECUTION_ID":"true"},"ingressSettings":"ALLOW_ALL","serviceAccountEmail":"337569791482-compute@developer.gserviceaccount.com","availableMemory":"256Mi","secretEnvironmentVariables":[{"key":"TP_API_TOKEN","projectId":"achabrasil-98571","secret":"TP_API_TOKEN","version":"1"},{"key":"RESEND_API_KEY","projectId":"achabrasil-98571","secret":"RESEND_API_KEY","version":"1"}],"maxInstanceRequestConcurrency":80,"availableCpu":"1"},"labels":{"deployment-tool":"cli-firebase","deployment-scheduled":"true","firebase-functions-hash":"2c49c1fc2a3468f96e9f3dff5bbe338284fe4c35"},"environment":"GEN_2"},"stages":[{"name":"BUILD","message":"Build in progress","state":"IN_PROGRESS","resource":"projects/337569791482/locations/us-central1/builds/9b2e7fd7-04cf-49b9-83fa-9957c01fa6aa","resourceUri":"https://console.cloud.google.com/cloud-build/builds;region=us-central1/9b2e7fd7-04cf-49b9-83fa-9957c01fa6aa?project=337569791482"},{"name":"SERVICE","state":"NOT_STARTED"}],"operationType":"CREATE_FUNCTION","buildName":"projects/337569791482/locations/us-central1/builds/9b2e7fd7-04cf-49b9-83fa-9957c01fa6aa"},"done":false}
[debug] [2026-06-19T07:22:47.798Z] [create-default-us-central1-checkPriceAlerts] Retrying task index 0
[debug] [2026-06-19T07:22:47.798Z] Checked if tokens are valid: true, expires at: 1781855334780
[debug] [2026-06-19T07:22:47.799Z] Checked if tokens are valid: true, expires at: 1781855334780
[debug] [2026-06-19T07:22:47.799Z] >>> [apiv2][query] GET https://cloudfunctions.googleapis.com/v2/projects/achabrasil-98571/locations/us-central1/operations/operation-1781853725954-6549626609027-fdd601d0-fcdfd966 [none]
[debug] [2026-06-19T07:22:48.013Z] <<< [apiv2][status] GET https://cloudfunctions.googleapis.com/v2/projects/achabrasil-98571/locations/us-central1/operations/operation-1781853725954-6549626609027-fdd601d0-fcdfd966 200
[debug] [2026-06-19T07:22:48.013Z] <<< [apiv2][body] GET https://cloudfunctions.googleapis.com/v2/projects/achabrasil-98571/locations/us-central1/operations/operation-1781853725954-6549626609027-fdd601d0-fcdfd966 {"name":"projects/achabrasil-98571/locations/us-central1/operations/operation-1781853725954-6549626609027-fdd601d0-fcdfd966","metadata":{"@type":"type.googleapis.com/google.cloud.functions.v2.OperationMetadata","createTime":"2026-06-19T07:22:07.513386431Z","target":"projects/achabrasil-98571/locations/us-central1/functions/checkPriceAlerts","verb":"create","cancelRequested":false,"apiVersion":"v2","requestResource":{"@type":"type.googleapis.com/google.cloud.functions.v2.Function","name":"projects/achabrasil-98571/locations/us-central1/functions/checkPriceAlerts","buildConfig":{"runtime":"nodejs20","entryPoint":"checkPriceAlerts","source":{"storageSource":{"bucket":"gcf-v2-sources-337569791482-us-central1","object":"checkPriceAlerts/function-source.zip","generation":"1781853726771539"}},"environmentVariables":{"GOOGLE_NODE_RUN_SCRIPTS":""},"serviceAccount":"projects/achabrasil-98571/serviceAccounts/337569791482-compute@developer.gserviceaccount.com","automaticUpdatePolicy":{}},"serviceConfig":{"service":"projects/achabrasil-98571/locations/us-central1/services/checkpricealerts","timeoutSeconds":540,"environmentVariables":{"FIREBASE_CONFIG":"{\"projectId\":\"achabrasil-98571\",\"storageBucket\":\"achabrasil-98571.firebasestorage.app\"}","GCLOUD_PROJECT":"achabrasil-98571","EVENTARC_CLOUD_EVENT_SOURCE":"projects/achabrasil-98571/locations/us-central1/services/checkPriceAlerts","FUNCTION_TARGET":"checkPriceAlerts","LOG_EXECUTION_ID":"true"},"ingressSettings":"ALLOW_ALL","serviceAccountEmail":"337569791482-compute@developer.gserviceaccount.com","availableMemory":"256Mi","secretEnvironmentVariables":[{"key":"TP_API_TOKEN","projectId":"achabrasil-98571","secret":"TP_API_TOKEN","version":"1"},{"key":"RESEND_API_KEY","projectId":"achabrasil-98571","secret":"RESEND_API_KEY","version":"1"}],"maxInstanceRequestConcurrency":80,"availableCpu":"1"},"labels":{"deployment-tool":"cli-firebase","deployment-scheduled":"true","firebase-functions-hash":"2c49c1fc2a3468f96e9f3dff5bbe338284fe4c35"},"environment":"GEN_2"},"stages":[{"name":"BUILD","message":"Build in progress","state":"IN_PROGRESS","resource":"projects/337569791482/locations/us-central1/builds/9b2e7fd7-04cf-49b9-83fa-9957c01fa6aa","resourceUri":"https://console.cloud.google.com/cloud-build/builds;region=us-central1/9b2e7fd7-04cf-49b9-83fa-9957c01fa6aa?project=337569791482"},{"name":"SERVICE","state":"NOT_STARTED"}],"operationType":"CREATE_FUNCTION","buildName":"projects/337569791482/locations/us-central1/builds/9b2e7fd7-04cf-49b9-83fa-9957c01fa6aa"},"done":false}
